[ 2017-10-08T15:50:01+08:00 ] 127.0.0.1 /
INFO: [ app_init ] --START--
INFO: Run Behavior\BuildLiteBehavior [ RunTime:0.000013s ]
INFO: [ app_init ] --END-- [ RunTime:0.000621s ]
INFO: [ app_begin ] --START--
INFO: Run Behavior\ReadHtmlCacheBehavior [ RunTime:0.000834s ]
INFO: [ app_begin ] --END-- [ RunTime:0.001003s ]
SQL: SHOW COLUMNS FROM `sino_banner` [ RunTime:0.0866s ]
SQL: SELECT * FROM `sino_banner` WHERE ( status=1 ) ORDER BY orderid asc  [ RunTime:0.0007s ]
SQL: SHOW COLUMNS FROM `sino_article` [ RunTime:0.0119s ]
SQL: SELECT `arid`,`title`,`summary`,`acid`,`read_times`,`indeximg`,`thumbimg`,`from`,`time` FROM `sino_article` WHERE ( status=1 ) ORDER BY arid desc LIMIT 5   [ RunTime:0.0012s ]
INFO: [ view_parse ] --START--
INFO: [ template_filter ] --START--
INFO: Run Behavior\ContentReplaceBehavior [ RunTime:0.000188s ]
INFO: [ template_filter ] --END-- [ RunTime:0.000250s ]
INFO: Run Behavior\ParseTemplateBehavior [ RunTime:0.017011s ]
INFO: [ view_parse ] --END-- [ RunTime:0.017106s ]
INFO: [ view_filter ] --START--
INFO: Run Behavior\WriteHtmlCacheBehavior [ RunTime:0.000632s ]
INFO: [ view_filter ] --END-- [ RunTime:0.000683s ]
INFO: [ app_end ] --START--
INFO: Run Behavior\ShowPageTraceBehavior [ RunTime:0.001343s ]
INFO: [ app_end ] --END-- [ RunTime:0.001493s ]

